This is pdfTeX, Version 3.14159265-2.6-1.40.20 (TeX Live 2019/W32TeX) (preloaded format=pdflatex 2019.10.23)  23 OCT 2019 14:20
entering extended mode
 restricted \write18 enabled.
 %&-line parsing enabled.
**Geospacial-Data.tex
(./Geospacial-Data.tex
LaTeX2e <2019-10-01> patch level 1

(c:/Users/Daddy Harmon/AppData/Roaming/TinyTeX/texmf-dist/tex/latex/base/articl
e.cls
Document Class: article 2019/08/27 v1.4j Standard LaTeX document class

(c:/Users/Daddy Harmon/AppData/Roaming/TinyTeX/texmf-dist/tex/latex/base/size10
.clo
File: size10.clo 2019/08/27 v1.4j Standard LaTeX file (size option)
)
\c@part=\count80
\c@section=\count81
\c@subsection=\count82
\c@subsubsection=\count83
\c@paragraph=\count84
\c@subparagraph=\count85
\c@figure=\count86
\c@table=\count87
\abovecaptionskip=\skip41
\belowcaptionskip=\skip42
\bibindent=\dimen102
)
(c:/Users/Daddy Harmon/AppData/Roaming/TinyTeX/texmf-dist/tex/latex/lm/lmodern.
sty
Package: lmodern 2009/10/30 v1.6 Latin Modern Fonts
LaTeX Font Info:    Overwriting symbol font `operators' in version `normal'
(Font)                  OT1/cmr/m/n --> OT1/lmr/m/n on input line 22.
LaTeX Font Info:    Overwriting symbol font `letters' in version `normal'
(Font)                  OML/cmm/m/it --> OML/lmm/m/it on input line 23.
LaTeX Font Info:    Overwriting symbol font `symbols' in version `normal'
(Font)                  OMS/cmsy/m/n --> OMS/lmsy/m/n on input line 24.
LaTeX Font Info:    Overwriting symbol font `largesymbols' in version `normal'
(Font)                  OMX/cmex/m/n --> OMX/lmex/m/n on input line 25.
LaTeX Font Info:    Overwriting symbol font `operators' in version `bold'
(Font)                  OT1/cmr/bx/n --> OT1/lmr/bx/n on input line 26.
LaTeX Font Info:    Overwriting symbol font `letters' in version `bold'
(Font)                  OML/cmm/b/it --> OML/lmm/b/it on input line 27.
LaTeX Font Info:    Overwriting symbol font `symbols' in version `bold'
(Font)                  OMS/cmsy/b/n --> OMS/lmsy/b/n on input line 28.
LaTeX Font Info:    Overwriting symbol font `largesymbols' in version `bold'
(Font)                  OMX/cmex/m/n --> OMX/lmex/m/n on input line 29.
LaTeX Font Info:    Overwriting math alphabet `\mathbf' in version `normal'
(Font)                  OT1/cmr/bx/n --> OT1/lmr/bx/n on input line 31.
LaTeX Font Info:    Overwriting math alphabet `\mathsf' in version `normal'
(Font)                  OT1/cmss/m/n --> OT1/lmss/m/n on input line 32.
LaTeX Font Info:    Overwriting math alphabet `\mathit' in version `normal'
(Font)                  OT1/cmr/m/it --> OT1/lmr/m/it on input line 33.
LaTeX Font Info:    Overwriting math alphabet `\mathtt' in version `normal'
(Font)                  OT1/cmtt/m/n --> OT1/lmtt/m/n on input line 34.
LaTeX Font Info:    Overwriting math alphabet `\mathbf' in version `bold'
(Font)                  OT1/cmr/bx/n --> OT1/lmr/bx/n on input line 35.
LaTeX Font Info:    Overwriting math alphabet `\mathsf' in version `bold'
(Font)                  OT1/cmss/bx/n --> OT1/lmss/bx/n on input line 36.
LaTeX Font Info:    Overwriting math alphabet `\mathit' in version `bold'
(Font)                  OT1/cmr/bx/it --> OT1/lmr/bx/it on input line 37.
LaTeX Font Info:    Overwriting math alphabet `\mathtt' in version `bold'
(Font)                  OT1/cmtt/m/n --> OT1/lmtt/m/n on input line 38.
)
(c:/Users/Daddy Harmon/AppData/Roaming/TinyTeX/texmf-dist/tex/latex/amsfonts/am
ssymb.sty
Package: amssymb 2013/01/14 v3.01 AMS font symbols

(c:/Users/Daddy Harmon/AppData/Roaming/TinyTeX/texmf-dist/tex/latex/amsfonts/am
sfonts.sty
Package: amsfonts 2013/01/14 v3.01 Basic AMSFonts support
\@emptytoks=\toks14
\symAMSa=\mathgroup4
\symAMSb=\mathgroup5
LaTeX Font Info:    Redeclaring math symbol \hbar on input line 98.
LaTeX Font Info:    Overwriting math alphabet `\mathfrak' in version `bold'
(Font)                  U/euf/m/n --> U/euf/b/n on input line 106.
))
(c:/Users/Daddy Harmon/AppData/Roaming/TinyTeX/texmf-dist/tex/latex/amsmath/ams
math.sty
Package: amsmath 2019/04/01 v2.17c AMS math features
\@mathmargin=\skip43
For additional information on amsmath, use the `?' option.

(c:/Users/Daddy Harmon/AppData/Roaming/TinyTeX/texmf-dist/tex/latex/amsmath/ams
text.sty
Package: amstext 2000/06/29 v2.01 AMS text

(c:/Users/Daddy Harmon/AppData/Roaming/TinyTeX/texmf-dist/tex/latex/amsmath/ams
gen.sty
File: amsgen.sty 1999/11/30 v2.0 generic functions
\@emptytoks=\toks15
\ex@=\dimen103
))
(c:/Users/Daddy Harmon/AppData/Roaming/TinyTeX/texmf-dist/tex/latex/amsmath/ams
bsy.sty
Package: amsbsy 1999/11/29 v1.2d Bold Symbols
\pmbraise@=\dimen104
)
(c:/Users/Daddy Harmon/AppData/Roaming/TinyTeX/texmf-dist/tex/latex/amsmath/ams
opn.sty
Package: amsopn 2016/03/08 v2.02 operator names
)
\inf@bad=\count88
LaTeX Info: Redefining \frac on input line 227.
\uproot@=\count89
\leftroot@=\count90
LaTeX Info: Redefining \overline on input line 389.
\classnum@=\count91
\DOTSCASE@=\count92
LaTeX Info: Redefining \ldots on input line 486.
LaTeX Info: Redefining \dots on input line 489.
LaTeX Info: Redefining \cdots on input line 610.
\Mathstrutbox@=\box27
\strutbox@=\box28
\big@size=\dimen105
LaTeX Font Info:    Redeclaring font encoding OML on input line 733.
LaTeX Font Info:    Redeclaring font encoding OMS on input line 734.
\macc@depth=\count93
\c@MaxMatrixCols=\count94
\dotsspace@=\muskip10
\c@parentequation=\count95
\dspbrk@lvl=\count96
\tag@help=\toks16
\row@=\count97
\column@=\count98
\maxfields@=\count99
\andhelp@=\toks17
\eqnshift@=\dimen106
\alignsep@=\dimen107
\tagshift@=\dimen108
\tagwidth@=\dimen109
\totwidth@=\dimen110
\lineht@=\dimen111
\@envbody=\toks18
\multlinegap=\skip44
\multlinetaggap=\skip45
\mathdisplay@stack=\toks19
LaTeX Info: Redefining \[ on input line 2855.
LaTeX Info: Redefining \] on input line 2856.
)
(c:/Users/Daddy Harmon/AppData/Roaming/TinyTeX/texmf-dist/tex/generic/ifxetex/i
fxetex.sty
Package: ifxetex 2010/09/12 v0.6 Provides ifxetex conditional
)
(c:/Users/Daddy Harmon/AppData/Roaming/TinyTeX/texmf-dist/tex/generic/oberdiek/
ifluatex.sty
Package: ifluatex 2016/05/16 v1.4 Provides the ifluatex switch (HO)
Package ifluatex Info: LuaTeX not detected.
)
(c:/Users/Daddy Harmon/AppData/Roaming/TinyTeX/texmf-dist/tex/latex/base/fixltx
2e.sty
Package: fixltx2e 2016/12/29 v2.1a fixes to LaTeX (obsolete)
Applying: [2015/01/01] Old fixltx2e package on input line 46.

Package fixltx2e Warning: fixltx2e is not required with releases after 2015
(fixltx2e)                All fixes are now in the LaTeX kernel.
(fixltx2e)                See the latexrelease package for details.

Already applied: [0000/00/00] Old fixltx2e package on input line 53.
)
(c:/Users/Daddy Harmon/AppData/Roaming/TinyTeX/texmf-dist/tex/latex/base/fonten
c.sty
Package: fontenc 2018/08/11 v2.0j Standard LaTeX package

(c:/Users/Daddy Harmon/AppData/Roaming/TinyTeX/texmf-dist/tex/latex/base/t1enc.
def
File: t1enc.def 2018/08/11 v2.0j Standard LaTeX file
LaTeX Font Info:    Redeclaring font encoding T1 on input line 48.
))
(c:/Users/Daddy Harmon/AppData/Roaming/TinyTeX/texmf-dist/tex/latex/base/inpute
nc.sty
Package: inputenc 2018/08/11 v1.3c Input encoding file
\inpenc@prehook=\toks20
\inpenc@posthook=\toks21
)
(c:/Users/Daddy Harmon/AppData/Roaming/TinyTeX/texmf-dist/tex/latex/upquote/upq
uote.sty
Package: upquote 2012/04/19 v1.3 upright-quote and grave-accent glyphs in verba
tim

(c:/Users/Daddy Harmon/AppData/Roaming/TinyTeX/texmf-dist/tex/latex/base/textco
mp.sty
Package: textcomp 2018/08/11 v2.0j Standard LaTeX package
Package textcomp Info: Sub-encoding information:
(textcomp)               5 = only ISO-Adobe without \textcurrency
(textcomp)               4 = 5 + \texteuro
(textcomp)               3 = 4 + \textohm
(textcomp)               2 = 3 + \textestimated + \textcurrency
(textcomp)               1 = TS1 - \textcircled - \t
(textcomp)               0 = TS1 (full)
(textcomp)             Font families with sub-encoding setting implement
(textcomp)             only a restricted character set as indicated.
(textcomp)             Family '?' is the default used for unknown fonts.
(textcomp)             See the documentation for details.
Package textcomp Info: Setting ? sub-encoding to TS1/1 on input line 79.

(c:/Users/Daddy Harmon/AppData/Roaming/TinyTeX/texmf-dist/tex/latex/base/ts1enc
.def
File: ts1enc.def 2001/06/05 v3.0e (jk/car/fm) Standard LaTeX file
Now handling font encoding TS1 ...
... processing UTF-8 mapping file for font encoding TS1

(c:/Users/Daddy Harmon/AppData/Roaming/TinyTeX/texmf-dist/tex/latex/base/ts1enc
.dfu
File: ts1enc.dfu 2019/07/11 v1.2j UTF-8 support for inputenc
   defining Unicode char U+00A2 (decimal 162)
   defining Unicode char U+00A3 (decimal 163)
   defining Unicode char U+00A4 (decimal 164)
   defining Unicode char U+00A5 (decimal 165)
   defining Unicode char U+00A6 (decimal 166)
   defining Unicode char U+00A7 (decimal 167)
   defining Unicode char U+00A8 (decimal 168)
   defining Unicode char U+00A9 (decimal 169)
   defining Unicode char U+00AA (decimal 170)
   defining Unicode char U+00AC (decimal 172)
   defining Unicode char U+00AE (decimal 174)
   defining Unicode char U+00AF (decimal 175)
   defining Unicode char U+00B0 (decimal 176)
   defining Unicode char U+00B1 (decimal 177)
   defining Unicode char U+00B2 (decimal 178)
   defining Unicode char U+00B3 (decimal 179)
   defining Unicode char U+00B4 (decimal 180)
   defining Unicode char U+00B5 (decimal 181)
   defining Unicode char U+00B6 (decimal 182)
   defining Unicode char U+00B7 (decimal 183)
   defining Unicode char U+00B9 (decimal 185)
   defining Unicode char U+00BA (decimal 186)
   defining Unicode char U+00BC (decimal 188)
   defining Unicode char U+00BD (decimal 189)
   defining Unicode char U+00BE (decimal 190)
   defining Unicode char U+00D7 (decimal 215)
   defining Unicode char U+00F7 (decimal 247)
   defining Unicode char U+0192 (decimal 402)
   defining Unicode char U+02C7 (decimal 711)
   defining Unicode char U+02D8 (decimal 728)
   defining Unicode char U+02DD (decimal 733)
   defining Unicode char U+0E3F (decimal 3647)
   defining Unicode char U+2016 (decimal 8214)
   defining Unicode char U+2020 (decimal 8224)
   defining Unicode char U+2021 (decimal 8225)
   defining Unicode char U+2022 (decimal 8226)
   defining Unicode char U+2030 (decimal 8240)
   defining Unicode char U+2031 (decimal 8241)
   defining Unicode char U+203B (decimal 8251)
   defining Unicode char U+203D (decimal 8253)
   defining Unicode char U+2044 (decimal 8260)
   defining Unicode char U+204E (decimal 8270)
   defining Unicode char U+2052 (decimal 8274)
   defining Unicode char U+20A1 (decimal 8353)
   defining Unicode char U+20A4 (decimal 8356)
   defining Unicode char U+20A6 (decimal 8358)
   defining Unicode char U+20A9 (decimal 8361)
   defining Unicode char U+20AB (decimal 8363)
   defining Unicode char U+20AC (decimal 8364)
   defining Unicode char U+20B1 (decimal 8369)
   defining Unicode char U+2103 (decimal 8451)
   defining Unicode char U+2116 (decimal 8470)
   defining Unicode char U+2117 (decimal 8471)
   defining Unicode char U+211E (decimal 8478)
   defining Unicode char U+2120 (decimal 8480)
   defining Unicode char U+2122 (decimal 8482)
   defining Unicode char U+2126 (decimal 8486)
   defining Unicode char U+2127 (decimal 8487)
   defining Unicode char U+212E (decimal 8494)
   defining Unicode char U+2190 (decimal 8592)
   defining Unicode char U+2191 (decimal 8593)
   defining Unicode char U+2192 (decimal 8594)
   defining Unicode char U+2193 (decimal 8595)
   defining Unicode char U+2329 (decimal 9001)
   defining Unicode char U+232A (decimal 9002)
   defining Unicode char U+2422 (decimal 9250)
   defining Unicode char U+25E6 (decimal 9702)
   defining Unicode char U+25EF (decimal 9711)
   defining Unicode char U+266A (decimal 9834)
   defining Unicode char U+27E8 (decimal 10216)
   defining Unicode char U+27E9 (decimal 10217)
   defining Unicode char U+FEFF (decimal 65279)
))
LaTeX Info: Redefining \oldstylenums on input line 334.
Package textcomp Info: Setting cmr sub-encoding to TS1/0 on input line 349.
Package textcomp Info: Setting cmss sub-encoding to TS1/0 on input line 350.
Package textcomp Info: Setting cmtt sub-encoding to TS1/0 on input line 351.
Package textcomp Info: Setting cmvtt sub-encoding to TS1/0 on input line 352.
Package textcomp Info: Setting cmbr sub-encoding to TS1/0 on input line 353.
Package textcomp Info: Setting cmtl sub-encoding to TS1/0 on input line 354.
Package textcomp Info: Setting ccr sub-encoding to TS1/0 on input line 355.
Package textcomp Info: Setting ptm sub-encoding to TS1/4 on input line 356.
Package textcomp Info: Setting pcr sub-encoding to TS1/4 on input line 357.
Package textcomp Info: Setting phv sub-encoding to TS1/4 on input line 358.
Package textcomp Info: Setting ppl sub-encoding to TS1/3 on input line 359.
Package textcomp Info: Setting pag sub-encoding to TS1/4 on input line 360.
Package textcomp Info: Setting pbk sub-encoding to TS1/4 on input line 361.
Package textcomp Info: Setting pnc sub-encoding to TS1/4 on input line 362.
Package textcomp Info: Setting pzc sub-encoding to TS1/4 on input line 363.
Package textcomp Info: Setting bch sub-encoding to TS1/4 on input line 364.
Package textcomp Info: Setting put sub-encoding to TS1/5 on input line 365.
Package textcomp Info: Setting uag sub-encoding to TS1/5 on input line 366.
Package textcomp Info: Setting ugq sub-encoding to TS1/5 on input line 367.
Package textcomp Info: Setting ul8 sub-encoding to TS1/4 on input line 368.
Package textcomp Info: Setting ul9 sub-encoding to TS1/4 on input line 369.
Package textcomp Info: Setting augie sub-encoding to TS1/5 on input line 370.
Package textcomp Info: Setting dayrom sub-encoding to TS1/3 on input line 371.
Package textcomp Info: Setting dayroms sub-encoding to TS1/3 on input line 372.

Package textcomp Info: Setting pxr sub-encoding to TS1/0 on input line 373.
Package textcomp Info: Setting pxss sub-encoding to TS1/0 on input line 374.
Package textcomp Info: Setting pxtt sub-encoding to TS1/0 on input line 375.
Package textcomp Info: Setting txr sub-encoding to TS1/0 on input line 376.
Package textcomp Info: Setting txss sub-encoding to TS1/0 on input line 377.
Package textcomp Info: Setting txtt sub-encoding to TS1/0 on input line 378.
Package textcomp Info: Setting lmr sub-encoding to TS1/0 on input line 379.
Package textcomp Info: Setting lmdh sub-encoding to TS1/0 on input line 380.
Package textcomp Info: Setting lmss sub-encoding to TS1/0 on input line 381.
Package textcomp Info: Setting lmssq sub-encoding to TS1/0 on input line 382.
Package textcomp Info: Setting lmvtt sub-encoding to TS1/0 on input line 383.
Package textcomp Info: Setting lmtt sub-encoding to TS1/0 on input line 384.
Package textcomp Info: Setting qhv sub-encoding to TS1/0 on input line 385.
Package textcomp Info: Setting qag sub-encoding to TS1/0 on input line 386.
Package textcomp Info: Setting qbk sub-encoding to TS1/0 on input line 387.
Package textcomp Info: Setting qcr sub-encoding to TS1/0 on input line 388.
Package textcomp Info: Setting qcs sub-encoding to TS1/0 on input line 389.
Package textcomp Info: Setting qpl sub-encoding to TS1/0 on input line 390.
Package textcomp Info: Setting qtm sub-encoding to TS1/0 on input line 391.
Package textcomp Info: Setting qzc sub-encoding to TS1/0 on input line 392.
Package textcomp Info: Setting qhvc sub-encoding to TS1/0 on input line 393.
Package textcomp Info: Setting futs sub-encoding to TS1/4 on input line 394.
Package textcomp Info: Setting futx sub-encoding to TS1/4 on input line 395.
Package textcomp Info: Setting futj sub-encoding to TS1/4 on input line 396.
Package textcomp Info: Setting hlh sub-encoding to TS1/3 on input line 397.
Package textcomp Info: Setting hls sub-encoding to TS1/3 on input line 398.
Package textcomp Info: Setting hlst sub-encoding to TS1/3 on input line 399.
Package textcomp Info: Setting hlct sub-encoding to TS1/5 on input line 400.
Package textcomp Info: Setting hlx sub-encoding to TS1/5 on input line 401.
Package textcomp Info: Setting hlce sub-encoding to TS1/5 on input line 402.
Package textcomp Info: Setting hlcn sub-encoding to TS1/5 on input line 403.
Package textcomp Info: Setting hlcw sub-encoding to TS1/5 on input line 404.
Package textcomp Info: Setting hlcf sub-encoding to TS1/5 on input line 405.
Package textcomp Info: Setting pplx sub-encoding to TS1/3 on input line 406.
Package textcomp Info: Setting pplj sub-encoding to TS1/3 on input line 407.
Package textcomp Info: Setting ptmx sub-encoding to TS1/4 on input line 408.
Package textcomp Info: Setting ptmj sub-encoding to TS1/4 on input line 409.
))
(c:/Users/Daddy Harmon/AppData/Roaming/TinyTeX/texmf-dist/tex/latex/geometry/ge
ometry.sty
Package: geometry 2018/04/16 v5.8 Page Geometry

(c:/Users/Daddy Harmon/AppData/Roaming/TinyTeX/texmf-dist/tex/latex/graphics/ke
yval.sty
Package: keyval 2014/10/28 v1.15 key=value parser (DPC)
\KV@toks@=\toks22
)
(c:/Users/Daddy Harmon/AppData/Roaming/TinyTeX/texmf-dist/tex/generic/oberdiek/
ifpdf.sty
Package: ifpdf 2018/09/07 v3.3 Provides the ifpdf switch
)
(c:/Users/Daddy Harmon/AppData/Roaming/TinyTeX/texmf-dist/tex/generic/oberdiek/
ifvtex.sty
Package: ifvtex 2016/05/16 v1.6 Detect VTeX and its facilities (HO)
Package ifvtex Info: VTeX not detected.
)
\Gm@cnth=\count100
\Gm@cntv=\count101
\c@Gm@tempcnt=\count102
\Gm@bindingoffset=\dimen112
\Gm@wd@mp=\dimen113
\Gm@odd@mp=\dimen114
\Gm@even@mp=\dimen115
\Gm@layoutwidth=\dimen116
\Gm@layoutheight=\dimen117
\Gm@layouthoffset=\dimen118
\Gm@layoutvoffset=\dimen119
\Gm@dimlist=\toks23
)
(c:/Users/Daddy Harmon/AppData/Roaming/TinyTeX/texmf-dist/tex/latex/hyperref/hy
perref.sty
Package: hyperref 2019/09/28 v7.00a Hypertext links for LaTeX

(c:/Users/Daddy Harmon/AppData/Roaming/TinyTeX/texmf-dist/tex/generic/oberdiek/
hobsub-hyperref.sty
Package: hobsub-hyperref 2016/05/16 v1.14 Bundle oberdiek, subset hyperref (HO)


(c:/Users/Daddy Harmon/AppData/Roaming/TinyTeX/texmf-dist/tex/generic/oberdiek/
hobsub-generic.sty
Package: hobsub-generic 2016/05/16 v1.14 Bundle oberdiek, subset generic (HO)
Package: hobsub 2016/05/16 v1.14 Construct package bundles (HO)
Package: infwarerr 2016/05/16 v1.4 Providing info/warning/error messages (HO)
Package: ltxcmds 2016/05/16 v1.23 LaTeX kernel commands for general use (HO)
Package hobsub Info: Skipping package `ifluatex' (already loaded).
Package hobsub Info: Skipping package `ifvtex' (already loaded).
Package: intcalc 2016/05/16 v1.2 Expandable calculations with integers (HO)
Package hobsub Info: Skipping package `ifpdf' (already loaded).
Package: etexcmds 2016/05/16 v1.6 Avoid name clashes with e-TeX commands (HO)
Package: kvsetkeys 2016/05/16 v1.17 Key value parser (HO)
Package: kvdefinekeys 2016/05/16 v1.4 Define keys (HO)
Package: pdftexcmds 2019/07/25 v0.30 Utility functions of pdfTeX for LuaTeX (HO
)
Package pdftexcmds Info: LuaTeX not detected.
Package pdftexcmds Info: \pdf@primitive is available.
Package pdftexcmds Info: \pdf@ifprimitive is available.
Package pdftexcmds Info: \pdfdraftmode found.
Package: pdfescape 2016/05/16 v1.14 Implements pdfTeX's escape features (HO)
Package: bigintcalc 2016/05/16 v1.4 Expandable calculations on big integers (HO
)
Package: bitset 2016/05/16 v1.2 Handle bit-vector datatype (HO)
Package: uniquecounter 2016/05/16 v1.3 Provide unlimited unique counter (HO)
)
Package hobsub Info: Skipping package `hobsub' (already loaded).
Package: letltxmacro 2016/05/16 v1.5 Let assignment for LaTeX macros (HO)
Package: hopatch 2016/05/16 v1.3 Wrapper for package hooks (HO)
Package: xcolor-patch 2016/05/16 xcolor patch
Package: atveryend 2016/05/16 v1.9 Hooks at the very end of document (HO)
Package atveryend Info: \enddocument detected (standard20110627).
Package: atbegshi 2016/06/09 v1.18 At begin shipout hook (HO)
Package: refcount 2016/05/16 v3.5 Data extraction from label references (HO)
Package: hycolor 2016/05/16 v1.8 Color options for hyperref/bookmark (HO)
)
(c:/Users/Daddy Harmon/AppData/Roaming/TinyTeX/texmf-dist/tex/latex/oberdiek/au
xhook.sty
Package: auxhook 2016/05/16 v1.4 Hooks for auxiliary files (HO)
)
(c:/Users/Daddy Harmon/AppData/Roaming/TinyTeX/texmf-dist/tex/latex/oberdiek/kv
options.sty
Package: kvoptions 2016/05/16 v3.12 Key value format for package options (HO)
)
\@linkdim=\dimen120
\Hy@linkcounter=\count103
\Hy@pagecounter=\count104

(c:/Users/Daddy Harmon/AppData/Roaming/TinyTeX/texmf-dist/tex/latex/hyperref/pd
1enc.def
File: pd1enc.def 2019/09/28 v7.00a Hyperref: PDFDocEncoding definition (HO)
Now handling font encoding PD1 ...
... no UTF-8 mapping file for font encoding PD1
)
\Hy@SavedSpaceFactor=\count105

(c:/Users/Daddy Harmon/AppData/Roaming/TinyTeX/texmf-dist/tex/latex/latexconfig
/hyperref.cfg
File: hyperref.cfg 2002/06/06 v1.2 hyperref configuration of TeXLive
)
Package hyperref Info: Hyper figures OFF on input line 4540.
Package hyperref Info: Link nesting OFF on input line 4545.
Package hyperref Info: Hyper index ON on input line 4548.
Package hyperref Info: Plain pages OFF on input line 4555.
Package hyperref Info: Backreferencing OFF on input line 4560.
Package hyperref Info: Implicit mode ON; LaTeX internals redefined.
Package hyperref Info: Bookmarks ON on input line 4793.
\c@Hy@tempcnt=\count106

(c:/Users/Daddy Harmon/AppData/Roaming/TinyTeX/texmf-dist/tex/latex/url/url.sty
\Urlmuskip=\muskip11
Package: url 2013/09/16  ver 3.4  Verb mode for urls, etc.
)
LaTeX Info: Redefining \url on input line 5152.
\XeTeXLinkMargin=\dimen121
\Fld@menulength=\count107
\Field@Width=\dimen122
\Fld@charsize=\dimen123
Package hyperref Info: Hyper figures OFF on input line 6423.
Package hyperref Info: Link nesting OFF on input line 6428.
Package hyperref Info: Hyper index ON on input line 6431.
Package hyperref Info: backreferencing OFF on input line 6438.
Package hyperref Info: Link coloring OFF on input line 6443.
Package hyperref Info: Link coloring with OCG OFF on input line 6448.
Package hyperref Info: PDF/A mode OFF on input line 6453.
LaTeX Info: Redefining \ref on input line 6493.
LaTeX Info: Redefining \pageref on input line 6497.
\Hy@abspage=\count108
\c@Item=\count109
\c@Hfootnote=\count110
)
Package hyperref Info: Driver (autodetected): hpdftex.

(c:/Users/Daddy Harmon/AppData/Roaming/TinyTeX/texmf-dist/tex/latex/hyperref/hp
dftex.def
File: hpdftex.def 2019/09/28 v7.00a Hyperref driver for pdfTeX
\Fld@listcount=\count111
\c@bookmark@seq@number=\count112

(c:/Users/Daddy Harmon/AppData/Roaming/TinyTeX/texmf-dist/tex/latex/oberdiek/re
runfilecheck.sty
Package: rerunfilecheck 2016/05/16 v1.8 Rerun checks for auxiliary files (HO)
Package uniquecounter Info: New unique counter `rerunfilecheck' on input line 2
82.
)
\Hy@SectionHShift=\skip46
)
Package hyperref Info: Option `unicode' set `true' on input line 30.

(c:/Users/Daddy Harmon/AppData/Roaming/TinyTeX/texmf-dist/tex/latex/hyperref/pu
enc.def
File: puenc.def 2019/09/28 v7.00a Hyperref: PDF Unicode definition (HO)
Now handling font encoding PU ...
... no UTF-8 mapping file for font encoding PU
)
Package hyperref Info: Option `breaklinks' set `true' on input line 30.

(c:/Users/Daddy Harmon/AppData/Roaming/TinyTeX/texmf-dist/tex/latex/graphics/co
lor.sty
Package: color 2016/07/10 v1.1e Standard LaTeX Color (DPC)

(c:/Users/Daddy Harmon/AppData/Roaming/TinyTeX/texmf-dist/tex/latex/graphics-cf
g/color.cfg
File: color.cfg 2016/01/02 v1.6 sample color configuration
)
Package color Info: Driver file: pdftex.def on input line 147.

(c:/Users/Daddy Harmon/AppData/Roaming/TinyTeX/texmf-dist/tex/latex/graphics-de
f/pdftex.def
File: pdftex.def 2018/01/08 v1.0l Graphics/color driver for pdftex
))
(c:/Users/Daddy Harmon/AppData/Roaming/TinyTeX/texmf-dist/tex/latex/fancyvrb/fa
ncyvrb.sty
Package: fancyvrb 2019/01/15
Style option: `fancyvrb' v3.2a <2019/01/15> (tvz)
\FV@CodeLineNo=\count113
\FV@InFile=\read1
\FV@TabBox=\box29
\c@FancyVerbLine=\count114
\FV@StepNumber=\count115
\FV@OutFile=\write3
)
(c:/Users/Daddy Harmon/AppData/Roaming/TinyTeX/texmf-dist/tex/latex/framed/fram
ed.sty
Package: framed 2011/10/22 v 0.96: framed or shaded text with page breaks
\OuterFrameSep=\skip47
\fb@frw=\dimen124
\fb@frh=\dimen125
\FrameRule=\dimen126
\FrameSep=\dimen127
)
(c:/Users/Daddy Harmon/AppData/Roaming/TinyTeX/texmf-dist/tex/latex/graphics/gr
aphicx.sty
Package: graphicx 2017/06/01 v1.1a Enhanced LaTeX Graphics (DPC,SPQR)

(c:/Users/Daddy Harmon/AppData/Roaming/TinyTeX/texmf-dist/tex/latex/graphics/gr
aphics.sty
Package: graphics 2019/10/08 v1.3c Standard LaTeX Graphics (DPC,SPQR)

(c:/Users/Daddy Harmon/AppData/Roaming/TinyTeX/texmf-dist/tex/latex/graphics/tr
ig.sty
Package: trig 2016/01/03 v1.10 sin cos tan (DPC)
)
(c:/Users/Daddy Harmon/AppData/Roaming/TinyTeX/texmf-dist/tex/latex/graphics-cf
g/graphics.cfg
File: graphics.cfg 2016/06/04 v1.11 sample graphics configuration
)
Package graphics Info: Driver file: pdftex.def on input line 105.
)
\Gin@req@height=\dimen128
\Gin@req@width=\dimen129
)
(c:/Users/Daddy Harmon/AppData/Roaming/TinyTeX/texmf-dist/tex/latex/oberdiek/gr
ffile.sty
Package: grffile 2017/06/30 v1.18 Extended file name support for graphics (HO)
Package grffile Info: Option `multidot' is set to `true'.
Package grffile Info: Option `extendedchars' is set to `false'.
Package grffile Info: Option `space' is set to `true'.
Package grffile Info: \Gin@ii of package `graphicx' fixed on input line 494.
)
(c:/Users/Daddy Harmon/AppData/Roaming/TinyTeX/texmf-dist/tex/latex/titling/tit
ling.sty
Package: titling 2009/09/04 v2.1d maketitle typesetting
\thanksmarkwidth=\skip48
\thanksmargin=\skip49
\droptitle=\skip50
)
No file Geospacial-Data.aux.
\openout1 = `Geospacial-Data.aux'.

LaTeX Font Info:    Checking defaults for OML/cmm/m/it on input line 128.
LaTeX Font Info:    ... okay on input line 128.
LaTeX Font Info:    Checking defaults for T1/cmr/m/n on input line 128.
LaTeX Font Info:    ... okay on input line 128.
LaTeX Font Info:    Checking defaults for OT1/cmr/m/n on input line 128.
LaTeX Font Info:    ... okay on input line 128.
LaTeX Font Info:    Checking defaults for OMS/cmsy/m/n on input line 128.
LaTeX Font Info:    ... okay on input line 128.
LaTeX Font Info:    Checking defaults for OMX/cmex/m/n on input line 128.
LaTeX Font Info:    ... okay on input line 128.
LaTeX Font Info:    Checking defaults for U/cmr/m/n on input line 128.
LaTeX Font Info:    ... okay on input line 128.
LaTeX Font Info:    Checking defaults for TS1/cmr/m/n on input line 128.
LaTeX Font Info:    Trying to load font information for TS1+cmr on input line 1
28.

(c:/Users/Daddy Harmon/AppData/Roaming/TinyTeX/texmf-dist/tex/latex/base/ts1cmr
.fd
File: ts1cmr.fd 2014/09/29 v2.5h Standard LaTeX font definitions
)
LaTeX Font Info:    ... okay on input line 128.
LaTeX Font Info:    Checking defaults for PD1/pdf/m/n on input line 128.
LaTeX Font Info:    ... okay on input line 128.
LaTeX Font Info:    Checking defaults for PU/pdf/m/n on input line 128.
LaTeX Font Info:    ... okay on input line 128.
LaTeX Font Info:    Trying to load font information for T1+lmr on input line 12
8.

(c:/Users/Daddy Harmon/AppData/Roaming/TinyTeX/texmf-dist/tex/latex/lm/t1lmr.fd
File: t1lmr.fd 2009/10/30 v1.6 Font defs for Latin Modern
)
*geometry* driver: auto-detecting
*geometry* detected driver: pdftex
*geometry* verbose mode - [ preamble ] result:
* driver: pdftex
* paper: <default>
* layout: <same size as paper>
* layoutoffset:(h,v)=(0.0pt,0.0pt)
* modes: 
* h-part:(L,W,R)=(72.26999pt, 469.75502pt, 72.26999pt)
* v-part:(T,H,B)=(72.26999pt, 650.43001pt, 72.26999pt)
* \paperwidth=614.295pt
* \paperheight=794.96999pt
* \textwidth=469.75502pt
* \textheight=650.43001pt
* \oddsidemargin=0.0pt
* \evensidemargin=0.0pt
* \topmargin=-37.0pt
* \headheight=12.0pt
* \headsep=25.0pt
* \topskip=10.0pt
* \footskip=30.0pt
* \marginparwidth=65.0pt
* \marginparsep=11.0pt
* \columnsep=10.0pt
* \skip\footins=9.0pt plus 4.0pt minus 2.0pt
* \hoffset=0.0pt
* \voffset=0.0pt
* \mag=1000
* \@twocolumnfalse
* \@twosidefalse
* \@mparswitchfalse
* \@reversemarginfalse
* (1in=72.27pt=25.4mm, 1cm=28.453pt)

\AtBeginShipoutBox=\box30
Package hyperref Info: Link coloring OFF on input line 128.

(c:/Users/Daddy Harmon/AppData/Roaming/TinyTeX/texmf-dist/tex/latex/hyperref/na
meref.sty
Package: nameref 2019/09/16 v2.46 Cross-referencing by name of section

(c:/Users/Daddy Harmon/AppData/Roaming/TinyTeX/texmf-dist/tex/generic/oberdiek/
gettitlestring.sty
Package: gettitlestring 2016/05/16 v1.5 Cleanup title references (HO)
)
\c@section@level=\count116
)
LaTeX Info: Redefining \ref on input line 128.
LaTeX Info: Redefining \pageref on input line 128.
LaTeX Info: Redefining \nameref on input line 128.
\@outlinefile=\write4
\openout4 = `Geospacial-Data.out'.


(c:/Users/Daddy Harmon/AppData/Roaming/TinyTeX/texmf-dist/tex/latex/oberdiek/ep
stopdf-base.sty
Package: epstopdf-base 2016/05/15 v2.6 Base part for package epstopdf

(c:/Users/Daddy Harmon/AppData/Roaming/TinyTeX/texmf-dist/tex/latex/oberdiek/gr
fext.sty
Package: grfext 2016/05/16 v1.2 Manage graphics extensions (HO)
)
Package epstopdf-base Info: Redefining graphics rule for `.eps' on input line 4
38.
Package grfext Info: Graphics extension search list:
(grfext)             [.pdf,.png,.jpg,.mps,.jpeg,.jbig2,.jb2,.PDF,.PNG,.JPG,.JPE
G,.JBIG2,.JB2,.eps]
(grfext)             \AppendGraphicsExtensions on input line 456.

(c:/Users/Daddy Harmon/AppData/Roaming/TinyTeX/texmf-dist/tex/latex/latexconfig
/epstopdf-sys.cfg
File: epstopdf-sys.cfg 2010/07/13 v1.3 Configuration of (r)epstopdf for TeX Liv
e
))
LaTeX Font Info:    Trying to load font information for OT1+lmr on input line 1
34.

(c:/Users/Daddy Harmon/AppData/Roaming/TinyTeX/texmf-dist/tex/latex/lm/ot1lmr.f
d
File: ot1lmr.fd 2009/10/30 v1.6 Font defs for Latin Modern
)
LaTeX Font Info:    Trying to load font information for OML+lmm on input line 1
34.

(c:/Users/Daddy Harmon/AppData/Roaming/TinyTeX/texmf-dist/tex/latex/lm/omllmm.f
d
File: omllmm.fd 2009/10/30 v1.6 Font defs for Latin Modern
)
LaTeX Font Info:    Trying to load font information for OMS+lmsy on input line 
134.

(c:/Users/Daddy Harmon/AppData/Roaming/TinyTeX/texmf-dist/tex/latex/lm/omslmsy.
fd
File: omslmsy.fd 2009/10/30 v1.6 Font defs for Latin Modern
)
LaTeX Font Info:    Trying to load font information for OMX+lmex on input line 
134.

(c:/Users/Daddy Harmon/AppData/Roaming/TinyTeX/texmf-dist/tex/latex/lm/omxlmex.
fd
File: omxlmex.fd 2009/10/30 v1.6 Font defs for Latin Modern
)
LaTeX Font Info:    External font `lmex10' loaded for size
(Font)              <10> on input line 134.
LaTeX Font Info:    External font `lmex10' loaded for size
(Font)              <7> on input line 134.
LaTeX Font Info:    External font `lmex10' loaded for size
(Font)              <5> on input line 134.
LaTeX Font Info:    Trying to load font information for U+msa on input line 134
.

(c:/Users/Daddy Harmon/AppData/Roaming/TinyTeX/texmf-dist/tex/latex/amsfonts/um
sa.fd
File: umsa.fd 2013/01/14 v3.01 AMS symbols A
)
LaTeX Font Info:    Trying to load font information for U+msb on input line 134
.

(c:/Users/Daddy Harmon/AppData/Roaming/TinyTeX/texmf-dist/tex/latex/amsfonts/um
sb.fd
File: umsb.fd 2013/01/14 v3.01 AMS symbols B
)
Underfull \hbox (badness 4673) in paragraph at lines 134--136
[]$\T1/lmr/m/n/10 https : / / campus . datacamp . com / courses / working-[]wit
h-[]geospatial-[]data-[]in-[]r$[] []$https : / / github . com / cwickham /
 []

LaTeX Font Info:    Trying to load font information for T1+lmtt on input line 1
81.

(c:/Users/Daddy Harmon/AppData/Roaming/TinyTeX/texmf-dist/tex/latex/lm/t1lmtt.f
d
File: t1lmtt.fd 2009/10/30 v1.6 Font defs for Latin Modern
)
LaTeX Font Info:    Font shape `T1/lmtt/bx/n' in size <10> not available
(Font)              Font shape `T1/lmtt/b/n' tried instead on input line 182.
<"Geospacial-Data_files/figure-latex/""gbm-1".pdf, id=7, 469.755pt x 325.215pt>

File: "Geospacial-Data_files/figure-latex/""gbm-1".pdf Graphic file (type pdf)
<use "Geospacial-Data_files/figure-latex/""gbm-1".pdf>
Package pdftex.def Info: "Geospacial-Data_files/figure-latex/""gbm-1".pdf  used
 on input line 192.
(pdftex.def)             Requested size: 469.75386pt x 325.2142pt.
[1

{c:/Users/Daddy Harmon/AppData/Roaming/TinyTeX/texmf-var/fonts/map/pdftex/updma
p/pdftex.map}]
<"Geospacial-Data_files/figure-latex/""gbm-2".pdf, id=27, 469.755pt x 325.215pt
>
File: "Geospacial-Data_files/figure-latex/""gbm-2".pdf Graphic file (type pdf)
<use "Geospacial-Data_files/figure-latex/""gbm-2".pdf>
Package pdftex.def Info: "Geospacial-Data_files/figure-latex/""gbm-2".pdf  used
 on input line 204.
(pdftex.def)             Requested size: 469.75386pt x 325.2142pt.
[2 <./Geospacial-Data_files/figure-latex/gbm-1.pdf>] [3 <./Geospacial-Data_file
s/figure-latex/gbm-2.pdf>]
<"Geospacial-Data_files/figure-latex/""piat-1".pdf, id=48, 469.755pt x 325.215p
t>
File: "Geospacial-Data_files/figure-latex/""piat-1".pdf Graphic file (type pdf)

<use "Geospacial-Data_files/figure-latex/""piat-1".pdf>
Package pdftex.def Info: "Geospacial-Data_files/figure-latex/""piat-1".pdf  use
d on input line 270.
(pdftex.def)             Requested size: 469.75386pt x 325.2142pt.
[4 <./Geospacial-Data_files/figure-latex/piat-1.pdf>]
<"Geospacial-Data_files/figure-latex/""itta-1".pdf, id=59, 469.755pt x 325.215p
t>
File: "Geospacial-Data_files/figure-latex/""itta-1".pdf Graphic file (type pdf)

<use "Geospacial-Data_files/figure-latex/""itta-1".pdf>
Package pdftex.def Info: "Geospacial-Data_files/figure-latex/""itta-1".pdf  use
d on input line 308.
(pdftex.def)             Requested size: 469.75386pt x 325.2142pt.
<"Geospacial-Data_files/figure-latex/""itta-2".pdf, id=60, 469.755pt x 325.215p
t>
File: "Geospacial-Data_files/figure-latex/""itta-2".pdf Graphic file (type pdf)

<use "Geospacial-Data_files/figure-latex/""itta-2".pdf>
Package pdftex.def Info: "Geospacial-Data_files/figure-latex/""itta-2".pdf  use
d on input line 318.
(pdftex.def)             Requested size: 469.75386pt x 325.2142pt.
[5 <./Geospacial-Data_files/figure-latex/itta-1.pdf>]
<"Geospacial-Data_files/figure-latex/""itta-3".pdf, id=72, 469.755pt x 325.215p
t>
File: "Geospacial-Data_files/figure-latex/""itta-3".pdf Graphic file (type pdf)

<use "Geospacial-Data_files/figure-latex/""itta-3".pdf>
Package pdftex.def Info: "Geospacial-Data_files/figure-latex/""itta-3".pdf  use
d on input line 328.
(pdftex.def)             Requested size: 469.75386pt x 325.2142pt.
[6 <./Geospacial-Data_files/figure-latex/itta-2.pdf>] [7 <./Geospacial-Data_fil
es/figure-latex/itta-3.pdf>]
<"Geospacial-Data_files/figure-latex/""dm-1".pdf, id=95, 469.755pt x 325.215pt>

File: "Geospacial-Data_files/figure-latex/""dm-1".pdf Graphic file (type pdf)
<use "Geospacial-Data_files/figure-latex/""dm-1".pdf>
Package pdftex.def Info: "Geospacial-Data_files/figure-latex/""dm-1".pdf  used 
on input line 371.
(pdftex.def)             Requested size: 469.75386pt x 325.2142pt.
<"Geospacial-Data_files/figure-latex/""dm-2".pdf, id=96, 469.755pt x 325.215pt>

File: "Geospacial-Data_files/figure-latex/""dm-2".pdf Graphic file (type pdf)
<use "Geospacial-Data_files/figure-latex/""dm-2".pdf>
Package pdftex.def Info: "Geospacial-Data_files/figure-latex/""dm-2".pdf  used 
on input line 386.
(pdftex.def)             Requested size: 469.75386pt x 325.2142pt.
[8 <./Geospacial-Data_files/figure-latex/dm-1.pdf>]
<"Geospacial-Data_files/figure-latex/""lgs-1".pdf, id=108, 469.755pt x 325.215p
t>
File: "Geospacial-Data_files/figure-latex/""lgs-1".pdf Graphic file (type pdf)
<use "Geospacial-Data_files/figure-latex/""lgs-1".pdf>
Package pdftex.def Info: "Geospacial-Data_files/figure-latex/""lgs-1".pdf  used
 on input line 432.
(pdftex.def)             Requested size: 469.75386pt x 325.2142pt.
[9 <./Geospacial-Data_files/figure-latex/dm-2.pdf>]
<"Geospacial-Data_files/figure-latex/""lgs-2".pdf, id=120, 469.755pt x 325.215p
t>
File: "Geospacial-Data_files/figure-latex/""lgs-2".pdf Graphic file (type pdf)
<use "Geospacial-Data_files/figure-latex/""lgs-2".pdf>
Package pdftex.def Info: "Geospacial-Data_files/figure-latex/""lgs-2".pdf  used
 on input line 444.
(pdftex.def)             Requested size: 469.75386pt x 325.2142pt.
[10 <./Geospacial-Data_files/figure-latex/lgs-1.pdf>]
<"Geospacial-Data_files/figure-latex/""aqa-1".pdf, id=132, 469.755pt x 325.215p
t>
File: "Geospacial-Data_files/figure-latex/""aqa-1".pdf Graphic file (type pdf)
<use "Geospacial-Data_files/figure-latex/""aqa-1".pdf>
Package pdftex.def Info: "Geospacial-Data_files/figure-latex/""aqa-1".pdf  used
 on input line 476.
(pdftex.def)             Requested size: 469.75386pt x 325.2142pt.
[11 <./Geospacial-Data_files/figure-latex/lgs-2.pdf>] [12 <./Geospacial-Data_fi
les/figure-latex/aqa-1.pdf>]
<"Geospacial-Data_files/figure-latex/""dp-1".pdf, id=169, 469.755pt x 325.215pt
>
File: "Geospacial-Data_files/figure-latex/""dp-1".pdf Graphic file (type pdf)
<use "Geospacial-Data_files/figure-latex/""dp-1".pdf>
Package pdftex.def Info: "Geospacial-Data_files/figure-latex/""dp-1".pdf  used 
on input line 525.
(pdftex.def)             Requested size: 469.75386pt x 325.2142pt.
<"Geospacial-Data_files/figure-latex/""dp-2".pdf, id=170, 469.755pt x 325.215pt
>
File: "Geospacial-Data_files/figure-latex/""dp-2".pdf Graphic file (type pdf)
<use "Geospacial-Data_files/figure-latex/""dp-2".pdf>
Package pdftex.def Info: "Geospacial-Data_files/figure-latex/""dp-2".pdf  used 
on input line 536.
(pdftex.def)             Requested size: 469.75386pt x 325.2142pt.
[13 <./Geospacial-Data_files/figure-latex/dp-1.pdf>]
<"Geospacial-Data_files/figure-latex/""dp-3".pdf, id=182, 469.755pt x 325.215pt
>
File: "Geospacial-Data_files/figure-latex/""dp-3".pdf Graphic file (type pdf)
<use "Geospacial-Data_files/figure-latex/""dp-3".pdf>
Package pdftex.def Info: "Geospacial-Data_files/figure-latex/""dp-3".pdf  used 
on input line 546.
(pdftex.def)             Requested size: 469.75386pt x 325.2142pt.
[14 <./Geospacial-Data_files/figure-latex/dp-2.pdf>]
<"Geospacial-Data_files/figure-latex/""dp-4".pdf, id=194, 469.755pt x 325.215pt
>
File: "Geospacial-Data_files/figure-latex/""dp-4".pdf Graphic file (type pdf)
<use "Geospacial-Data_files/figure-latex/""dp-4".pdf>
Package pdftex.def Info: "Geospacial-Data_files/figure-latex/""dp-4".pdf  used 
on input line 556.
(pdftex.def)             Requested size: 469.75386pt x 325.2142pt.
[15 <./Geospacial-Data_files/figure-latex/dp-3.pdf>]
<"Geospacial-Data_files/figure-latex/""cm-1".pdf, id=204, 469.755pt x 325.215pt
>
File: "Geospacial-Data_files/figure-latex/""cm-1".pdf Graphic file (type pdf)
<use "Geospacial-Data_files/figure-latex/""cm-1".pdf>
Package pdftex.def Info: "Geospacial-Data_files/figure-latex/""cm-1".pdf  used 
on input line 593.
(pdftex.def)             Requested size: 469.75386pt x 325.2142pt.
[16 <./Geospacial-Data_files/figure-latex/dp-4.pdf>]
<"Geospacial-Data_files/figure-latex/""cm-2".pdf, id=214, 469.755pt x 325.215pt
>
File: "Geospacial-Data_files/figure-latex/""cm-2".pdf Graphic file (type pdf)
<use "Geospacial-Data_files/figure-latex/""cm-2".pdf>
Package pdftex.def Info: "Geospacial-Data_files/figure-latex/""cm-2".pdf  used 
on input line 605.
(pdftex.def)             Requested size: 469.75386pt x 325.2142pt.
[17 <./Geospacial-Data_files/figure-latex/cm-1.pdf>]
<"Geospacial-Data_files/figure-latex/""cm-3".pdf, id=226, 469.755pt x 325.215pt
>
File: "Geospacial-Data_files/figure-latex/""cm-3".pdf Graphic file (type pdf)
<use "Geospacial-Data_files/figure-latex/""cm-3".pdf>
Package pdftex.def Info: "Geospacial-Data_files/figure-latex/""cm-3".pdf  used 
on input line 617.
(pdftex.def)             Requested size: 469.75386pt x 325.2142pt.
[18 <./Geospacial-Data_files/figure-latex/cm-2.pdf>]
<"Geospacial-Data_files/figure-latex/""rdhm-1".pdf, id=238, 469.755pt x 325.215
pt>
File: "Geospacial-Data_files/figure-latex/""rdhm-1".pdf Graphic file (type pdf)

<use "Geospacial-Data_files/figure-latex/""rdhm-1".pdf>
Package pdftex.def Info: "Geospacial-Data_files/figure-latex/""rdhm-1".pdf  use
d on input line 655.
(pdftex.def)             Requested size: 469.75386pt x 325.2142pt.
[19 <./Geospacial-Data_files/figure-latex/cm-3.pdf>]
<"Geospacial-Data_files/figure-latex/""rdhm-2".pdf, id=254, 469.755pt x 325.215
pt>
File: "Geospacial-Data_files/figure-latex/""rdhm-2".pdf Graphic file (type pdf)

<use "Geospacial-Data_files/figure-latex/""rdhm-2".pdf>
Package pdftex.def Info: "Geospacial-Data_files/figure-latex/""rdhm-2".pdf  use
d on input line 664.
(pdftex.def)             Requested size: 469.75386pt x 325.2142pt.
[20 <./Geospacial-Data_files/figure-latex/rdhm-1.pdf>]
<"Geospacial-Data_files/figure-latex/""rdhm-3".pdf, id=264, 469.755pt x 325.215
pt>
File: "Geospacial-Data_files/figure-latex/""rdhm-3".pdf Graphic file (type pdf)

<use "Geospacial-Data_files/figure-latex/""rdhm-3".pdf>
Package pdftex.def Info: "Geospacial-Data_files/figure-latex/""rdhm-3".pdf  use
d on input line 675.
(pdftex.def)             Requested size: 469.75386pt x 325.2142pt.
[21 <./Geospacial-Data_files/figure-latex/rdhm-2.pdf>] [22 <./Geospacial-Data_f
iles/figure-latex/rdhm-3.pdf>]
<"Geospacial-Data_files/figure-latex/""splook-1".pdf, id=291, 469.755pt x 325.2
15pt>
File: "Geospacial-Data_files/figure-latex/""splook-1".pdf Graphic file (type pd
f)
<use "Geospacial-Data_files/figure-latex/""splook-1".pdf>
Package pdftex.def Info: "Geospacial-Data_files/figure-latex/""splook-1".pdf  u
sed on input line 740.
(pdftex.def)             Requested size: 469.75386pt x 325.2142pt.
[23 <./Geospacial-Data_files/figure-latex/splook-1.pdf>]
LaTeX Font Info:    Trying to load font information for TS1+lmtt on input line 
2871.

(c:/Users/Daddy Harmon/AppData/Roaming/TinyTeX/texmf-dist/tex/latex/lm/ts1lmtt.
fd
File: ts1lmtt.fd 2009/10/30 v1.6 Font defs for Latin Modern
) [24] [25] [26] [27] [28] [29] [30] [31] [32] [33] [34] [35] [36] [37] [38] [3
9] [40] [41] [42] [43] [44] [45] [46] [47] [48] [49] [50] [51] [52] [53] [54] [
55] [56] [57] [58] [59] [60] [61]
Overfull \hbox (23.74355pt too wide) in paragraph at lines 2871--2871
[]\T1/lmtt/m/n/10 ##   .. .. ..@ projargs: chr "+proj=longlat +datum=WGS84 +no_
defs +ellps=WGS84 +towgs84=0,0,0"[] 
 []

[62] [63]
<"Geospacial-Data_files/figure-latex/""mcso-1".pdf, id=468, 469.755pt x 325.215
pt>
File: "Geospacial-Data_files/figure-latex/""mcso-1".pdf Graphic file (type pdf)

<use "Geospacial-Data_files/figure-latex/""mcso-1".pdf>
Package pdftex.def Info: "Geospacial-Data_files/figure-latex/""mcso-1".pdf  use
d on input line 2987.
(pdftex.def)             Requested size: 469.75386pt x 325.2142pt.
[64] [65 <./Geospacial-Data_files/figure-latex/mcso-1.pdf>] [66] [67] [68] [69]
[70] [71] [72] [73] [74] [75] [76] [77]
<"Geospacial-Data_files/figure-latex/""fdrh-1".pdf, id=535, 469.755pt x 325.215
pt>
File: "Geospacial-Data_files/figure-latex/""fdrh-1".pdf Graphic file (type pdf)

<use "Geospacial-Data_files/figure-latex/""fdrh-1".pdf>
Package pdftex.def Info: "Geospacial-Data_files/figure-latex/""fdrh-1".pdf  use
d on input line 3761.
(pdftex.def)             Requested size: 469.75386pt x 325.2142pt.
[78] [79 <./Geospacial-Data_files/figure-latex/fdrh-1.pdf>]
<"Geospacial-Data_files/figure-latex/""sbi-1".pdf, id=551, 469.755pt x 325.215p
t>
File: "Geospacial-Data_files/figure-latex/""sbi-1".pdf Graphic file (type pdf)
<use "Geospacial-Data_files/figure-latex/""sbi-1".pdf>
Package pdftex.def Info: "Geospacial-Data_files/figure-latex/""sbi-1".pdf  used
 on input line 3846.
(pdftex.def)             Requested size: 469.75386pt x 325.2142pt.
[80]
Overfull \hbox (618.89201pt too wide) in paragraph at lines 3854--3859
\T1/lmr/bx/n/10 That is, if x is a Spa-tial\T1/lmr/m/n/10 _DataFrame ob-ject, t
hen ei-ther x$\OML/lmm/m/it/10 col[]ameorx\OT1/lmr/m/n/10 [["\OML/lmm/m/it/10 c
ol[]ame\OT1/lmr/m/n/10 "]]\OML/lmm/m/it/10 pullsoutthecol[]amecolumnfromthedata
frame:Thinkofthislikeashortcut\OT1/lmr/m/n/10 ; \OML/lmm/m/it/10 insteadofhavin
gtopulltherightcolumnfromtheobjectinthedataslot\OT1/lmr/m/n/10 (\OML/lmm/m/it/1
0 i:e:x\OT1/lmr/m/n/10 @\OML/lmm/m/it/10 data$\T1/lmr/m/n/10 col_name),
 []

[81 <./Geospacial-Data_files/figure-latex/sbi-1.pdf>]
Overfull \hbox (7.99359pt too wide) in paragraph at lines 3899--3899
[]\T1/lmtt/m/n/10 ##  $ subregion : chr  "Southern Asia" "Middle Africa" "South
ern Europe" "Western Asia" ...[] 
 []

[82] [83] [84] [85]
<"Geospacial-Data_files/figure-latex/""sbda-1".pdf, id=583, 469.755pt x 325.215
pt>
File: "Geospacial-Data_files/figure-latex/""sbda-1".pdf Graphic file (type pdf)

<use "Geospacial-Data_files/figure-latex/""sbda-1".pdf>
Package pdftex.def Info: "Geospacial-Data_files/figure-latex/""sbda-1".pdf  use
d on input line 4129.
(pdftex.def)             Requested size: 469.75386pt x 325.2142pt.

Overfull \vbox (1.10687pt too high) detected at line 4166
 []

[86 <./Geospacial-Data_files/figure-latex/sbda-1.pdf>]
<"Geospacial-Data_files/figure-latex/""tmap-1".pdf, id=591, 469.755pt x 325.215
pt>
File: "Geospacial-Data_files/figure-latex/""tmap-1".pdf Graphic file (type pdf)

<use "Geospacial-Data_files/figure-latex/""tmap-1".pdf>
Package pdftex.def Info: "Geospacial-Data_files/figure-latex/""tmap-1".pdf  use
d on input line 4168.
(pdftex.def)             Requested size: 469.75386pt x 325.2142pt.
[87 <./Geospacial-Data_files/figure-latex/tmap-1.pdf>]
<"Geospacial-Data_files/figure-latex/""bpil-1".pdf, id=601, 469.755pt x 325.215
pt>
File: "Geospacial-Data_files/figure-latex/""bpil-1".pdf Graphic file (type pdf)

<use "Geospacial-Data_files/figure-latex/""bpil-1".pdf>
Package pdftex.def Info: "Geospacial-Data_files/figure-latex/""bpil-1".pdf  use
d on input line 4213.
(pdftex.def)             Requested size: 469.75386pt x 325.2142pt.
<"Geospacial-Data_files/figure-latex/""bpil-2".pdf, id=602, 469.755pt x 325.215
pt>
File: "Geospacial-Data_files/figure-latex/""bpil-2".pdf Graphic file (type pdf)

<use "Geospacial-Data_files/figure-latex/""bpil-2".pdf>
Package pdftex.def Info: "Geospacial-Data_files/figure-latex/""bpil-2".pdf  use
d on input line 4225.
(pdftex.def)             Requested size: 469.75386pt x 325.2142pt.
[88 <./Geospacial-Data_files/figure-latex/bpil-1.pdf>] [89 <./Geospacial-Data_f
iles/figure-latex/bpil-2.pdf>]
<"Geospacial-Data_files/figure-latex/""wigsb-1".pdf, id=621, 469.755pt x 325.21
5pt>
File: "Geospacial-Data_files/figure-latex/""wigsb-1".pdf Graphic file (type pdf
)
<use "Geospacial-Data_files/figure-latex/""wigsb-1".pdf>
Package pdftex.def Info: "Geospacial-Data_files/figure-latex/""wigsb-1".pdf  us
ed on input line 4276.
(pdftex.def)             Requested size: 469.75386pt x 325.2142pt.
<"Geospacial-Data_files/figure-latex/""wigsb-2".pdf, id=622, 469.755pt x 325.21
5pt>
File: "Geospacial-Data_files/figure-latex/""wigsb-2".pdf Graphic file (type pdf
)
<use "Geospacial-Data_files/figure-latex/""wigsb-2".pdf>
Package pdftex.def Info: "Geospacial-Data_files/figure-latex/""wigsb-2".pdf  us
ed on input line 4288.
(pdftex.def)             Requested size: 469.75386pt x 325.2142pt.
[90 <./Geospacial-Data_files/figure-latex/wigsb-1.pdf>]
<"Geospacial-Data_files/figure-latex/""wigsb-3".pdf, id=633, 469.755pt x 325.21
5pt>
File: "Geospacial-Data_files/figure-latex/""wigsb-3".pdf Graphic file (type pdf
)
<use "Geospacial-Data_files/figure-latex/""wigsb-3".pdf>
Package pdftex.def Info: "Geospacial-Data_files/figure-latex/""wigsb-3".pdf  us
ed on input line 4301.
(pdftex.def)             Requested size: 469.75386pt x 325.2142pt.
[91 <./Geospacial-Data_files/figure-latex/wigsb-2.pdf>]
<"Geospacial-Data_files/figure-latex/""satp-1".pdf, id=644, 469.755pt x 325.215
pt>
File: "Geospacial-Data_files/figure-latex/""satp-1".pdf Graphic file (type pdf)

<use "Geospacial-Data_files/figure-latex/""satp-1".pdf>
Package pdftex.def Info: "Geospacial-Data_files/figure-latex/""satp-1".pdf  use
d on input line 4334.
(pdftex.def)             Requested size: 469.75386pt x 325.2142pt.
[92 <./Geospacial-Data_files/figure-latex/wigsb-3.pdf>]
<"Geospacial-Data_files/figure-latex/""satp-2".pdf, id=654, 469.755pt x 325.215
pt>
File: "Geospacial-Data_files/figure-latex/""satp-2".pdf Graphic file (type pdf)

<use "Geospacial-Data_files/figure-latex/""satp-2".pdf>
Package pdftex.def Info: "Geospacial-Data_files/figure-latex/""satp-2".pdf  use
d on input line 4349.
(pdftex.def)             Requested size: 469.75386pt x 325.2142pt.
[93 <./Geospacial-Data_files/figure-latex/satp-1.pdf>] [94 <./Geospacial-Data_f
iles/figure-latex/satp-2.pdf>]
<"Geospacial-Data_files/figure-latex/""sum-1".pdf, id=675, 469.755pt x 325.215p
t>
File: "Geospacial-Data_files/figure-latex/""sum-1".pdf Graphic file (type pdf)
<use "Geospacial-Data_files/figure-latex/""sum-1".pdf>
Package pdftex.def Info: "Geospacial-Data_files/figure-latex/""sum-1".pdf  used
 on input line 4463.
(pdftex.def)             Requested size: 469.75386pt x 325.2142pt.
[95] [96 <./Geospacial-Data_files/figure-latex/sum-1.pdf>]
<"Geospacial-Data_files/figure-latex/""amco-1".pdf, id=691, 469.755pt x 325.215
pt>
File: "Geospacial-Data_files/figure-latex/""amco-1".pdf Graphic file (type pdf)

<use "Geospacial-Data_files/figure-latex/""amco-1".pdf>
Package pdftex.def Info: "Geospacial-Data_files/figure-latex/""amco-1".pdf  use
d on input line 4557.
(pdftex.def)             Requested size: 469.75386pt x 325.2142pt.
[97]
<"Geospacial-Data_files/figure-latex/""apturo-1".pdf, id=697, 469.755pt x 325.2
15pt>
File: "Geospacial-Data_files/figure-latex/""apturo-1".pdf Graphic file (type pd
f)
<use "Geospacial-Data_files/figure-latex/""apturo-1".pdf>
Package pdftex.def Info: "Geospacial-Data_files/figure-latex/""apturo-1".pdf  u
sed on input line 4592.
(pdftex.def)             Requested size: 469.75386pt x 325.2142pt.
[98 <./Geospacial-Data_files/figure-latex/amco-1.pdf>]
<"Geospacial-Data_files/figure-latex/""apturo-2".pdf, id=709, 469.755pt x 325.2
15pt>
File: "Geospacial-Data_files/figure-latex/""apturo-2".pdf Graphic file (type pd
f)
<use "Geospacial-Data_files/figure-latex/""apturo-2".pdf>
Package pdftex.def Info: "Geospacial-Data_files/figure-latex/""apturo-2".pdf  u
sed on input line 4602.
(pdftex.def)             Requested size: 469.75386pt x 325.2142pt.
[99 <./Geospacial-Data_files/figure-latex/apturo-1.pdf>]
<"Geospacial-Data_files/figure-latex/""apturo-3".pdf, id=720, 469.755pt x 325.2
15pt>
File: "Geospacial-Data_files/figure-latex/""apturo-3".pdf Graphic file (type pd
f)
<use "Geospacial-Data_files/figure-latex/""apturo-3".pdf>
Package pdftex.def Info: "Geospacial-Data_files/figure-latex/""apturo-3".pdf  u
sed on input line 4612.
(pdftex.def)             Requested size: 469.75386pt x 325.2142pt.
[100 <./Geospacial-Data_files/figure-latex/apturo-2.pdf>] [101 <./Geospacial-Da
ta_files/figure-latex/apturo-3.pdf>]
<"Geospacial-Data_files/figure-latex/""accc-1".pdf, id=741, 469.755pt x 325.215
pt>
File: "Geospacial-Data_files/figure-latex/""accc-1".pdf Graphic file (type pdf)

<use "Geospacial-Data_files/figure-latex/""accc-1".pdf>
Package pdftex.def Info: "Geospacial-Data_files/figure-latex/""accc-1".pdf  use
d on input line 4657.
(pdftex.def)             Requested size: 469.75386pt x 325.2142pt.
<"Geospacial-Data_files/figure-latex/""accc-2".pdf, id=742, 469.755pt x 325.215
pt>
File: "Geospacial-Data_files/figure-latex/""accc-2".pdf Graphic file (type pdf)

<use "Geospacial-Data_files/figure-latex/""accc-2".pdf>
Package pdftex.def Info: "Geospacial-Data_files/figure-latex/""accc-2".pdf  use
d on input line 4672.
(pdftex.def)             Requested size: 469.75386pt x 325.2142pt.
[102 <./Geospacial-Data_files/figure-latex/accc-1.pdf>]
<"Geospacial-Data_files/figure-latex/""accc-3".pdf, id=756, 469.755pt x 325.215
pt>
File: "Geospacial-Data_files/figure-latex/""accc-3".pdf Graphic file (type pdf)

<use "Geospacial-Data_files/figure-latex/""accc-3".pdf>
Package pdftex.def Info: "Geospacial-Data_files/figure-latex/""accc-3".pdf  use
d on input line 4687.
(pdftex.def)             Requested size: 469.75386pt x 325.2142pt.
[103 <./Geospacial-Data_files/figure-latex/accc-2.pdf>] [104 <./Geospacial-Data
_files/figure-latex/accc-3.pdf>]
<"Geospacial-Data_files/figure-latex/""accc2-1".pdf, id=785, 469.755pt x 325.21
5pt>
File: "Geospacial-Data_files/figure-latex/""accc2-1".pdf Graphic file (type pdf
)
<use "Geospacial-Data_files/figure-latex/""accc2-1".pdf>
Package pdftex.def Info: "Geospacial-Data_files/figure-latex/""accc2-1".pdf  us
ed on input line 4732.
(pdftex.def)             Requested size: 469.75386pt x 325.2142pt.
<"Geospacial-Data_files/figure-latex/""accc2-2".pdf, id=786, 469.755pt x 325.21
5pt>
File: "Geospacial-Data_files/figure-latex/""accc2-2".pdf Graphic file (type pdf
)
<use "Geospacial-Data_files/figure-latex/""accc2-2".pdf>
Package pdftex.def Info: "Geospacial-Data_files/figure-latex/""accc2-2".pdf  us
ed on input line 4747.
(pdftex.def)             Requested size: 469.75386pt x 325.2142pt.
[105 <./Geospacial-Data_files/figure-latex/accc2-1.pdf>]
<"Geospacial-Data_files/figure-latex/""accc2-3".pdf, id=800, 469.755pt x 325.21
5pt>
File: "Geospacial-Data_files/figure-latex/""accc2-3".pdf Graphic file (type pdf
)
<use "Geospacial-Data_files/figure-latex/""accc2-3".pdf>
Package pdftex.def Info: "Geospacial-Data_files/figure-latex/""accc2-3".pdf  us
ed on input line 4762.
(pdftex.def)             Requested size: 469.75386pt x 325.2142pt.
[106 <./Geospacial-Data_files/figure-latex/accc2-2.pdf>] [107 <./Geospacial-Dat
a_files/figure-latex/accc2-3.pdf>]
<"Geospacial-Data_files/figure-latex/""cpot-1".pdf, id=827, 469.755pt x 325.215
pt>
File: "Geospacial-Data_files/figure-latex/""cpot-1".pdf Graphic file (type pdf)

<use "Geospacial-Data_files/figure-latex/""cpot-1".pdf>
Package pdftex.def Info: "Geospacial-Data_files/figure-latex/""cpot-1".pdf  use
d on input line 4805.
(pdftex.def)             Requested size: 469.75386pt x 325.2142pt.
<"Geospacial-Data_files/figure-latex/""cpot-2".pdf, id=828, 469.755pt x 325.215
pt>
File: "Geospacial-Data_files/figure-latex/""cpot-2".pdf Graphic file (type pdf)

<use "Geospacial-Data_files/figure-latex/""cpot-2".pdf>
Package pdftex.def Info: "Geospacial-Data_files/figure-latex/""cpot-2".pdf  use
d on input line 4816.
(pdftex.def)             Requested size: 469.75386pt x 325.2142pt.
[108 <./Geospacial-Data_files/figure-latex/cpot-1.pdf>]
<"Geospacial-Data_files/figure-latex/""cpot-3".pdf, id=841, 469.755pt x 325.215
pt>
File: "Geospacial-Data_files/figure-latex/""cpot-3".pdf Graphic file (type pdf)

<use "Geospacial-Data_files/figure-latex/""cpot-3".pdf>
Package pdftex.def Info: "Geospacial-Data_files/figure-latex/""cpot-3".pdf  use
d on input line 4827.
(pdftex.def)             Requested size: 469.75386pt x 325.2142pt.
[109 <./Geospacial-Data_files/figure-latex/cpot-2.pdf>] [110 <./Geospacial-Data
_files/figure-latex/cpot-3.pdf>]
<"Geospacial-Data_files/figure-latex/""aise-1".pdf, id=867, 469.755pt x 325.215
pt>
File: "Geospacial-Data_files/figure-latex/""aise-1".pdf Graphic file (type pdf)

<use "Geospacial-Data_files/figure-latex/""aise-1".pdf>
Package pdftex.def Info: "Geospacial-Data_files/figure-latex/""aise-1".pdf  use
d on input line 4904.
(pdftex.def)             Requested size: 469.75386pt x 325.2142pt.
[111 <./Geospacial-Data_files/figure-latex/aise-1.pdf>]
<"Geospacial-Data_files/figure-latex/""aise-2".pdf, id=880, 469.755pt x 325.215
pt>
File: "Geospacial-Data_files/figure-latex/""aise-2".pdf Graphic file (type pdf)

<use "Geospacial-Data_files/figure-latex/""aise-2".pdf>
Package pdftex.def Info: "Geospacial-Data_files/figure-latex/""aise-2".pdf  use
d on input line 4913.
(pdftex.def)             Requested size: 469.75386pt x 325.2142pt.
<"Geospacial-Data_files/figure-latex/""aise-3".pdf, id=881, 469.755pt x 325.215
pt>
File: "Geospacial-Data_files/figure-latex/""aise-3".pdf Graphic file (type pdf)

<use "Geospacial-Data_files/figure-latex/""aise-3".pdf>
Package pdftex.def Info: "Geospacial-Data_files/figure-latex/""aise-3".pdf  use
d on input line 4924.
(pdftex.def)             Requested size: 469.75386pt x 325.2142pt.
[112 <./Geospacial-Data_files/figure-latex/aise-2.pdf>] [113 <./Geospacial-Data
_files/figure-latex/aise-3.pdf>]
<"Geospacial-Data_files/figure-latex/""adse-1".pdf, id=905, 469.755pt x 325.215
pt>
File: "Geospacial-Data_files/figure-latex/""adse-1".pdf Graphic file (type pdf)

<use "Geospacial-Data_files/figure-latex/""adse-1".pdf>
Package pdftex.def Info: "Geospacial-Data_files/figure-latex/""adse-1".pdf  use
d on input line 5005.
(pdftex.def)             Requested size: 469.75386pt x 325.2142pt.
[114 <./Geospacial-Data_files/figure-latex/adse-1.pdf>]
<"Geospacial-Data_files/figure-latex/""adse-2".pdf, id=918, 469.755pt x 325.215
pt>
File: "Geospacial-Data_files/figure-latex/""adse-2".pdf Graphic file (type pdf)

<use "Geospacial-Data_files/figure-latex/""adse-2".pdf>
Package pdftex.def Info: "Geospacial-Data_files/figure-latex/""adse-2".pdf  use
d on input line 5017.
(pdftex.def)             Requested size: 469.75386pt x 325.2142pt.
[115 <./Geospacial-Data_files/figure-latex/adse-2.pdf>]
<"Geospacial-Data_files/figure-latex/""aqe-1".pdf, id=933, 469.755pt x 325.215p
t>
File: "Geospacial-Data_files/figure-latex/""aqe-1".pdf Graphic file (type pdf)
<use "Geospacial-Data_files/figure-latex/""aqe-1".pdf>
Package pdftex.def Info: "Geospacial-Data_files/figure-latex/""aqe-1".pdf  used
 on input line 5068.
(pdftex.def)             Requested size: 469.75386pt x 325.2142pt.
<"Geospacial-Data_files/figure-latex/""aqe-2".pdf, id=934, 469.755pt x 325.215p
t>
File: "Geospacial-Data_files/figure-latex/""aqe-2".pdf Graphic file (type pdf)
<use "Geospacial-Data_files/figure-latex/""aqe-2".pdf>
Package pdftex.def Info: "Geospacial-Data_files/figure-latex/""aqe-2".pdf  used
 on input line 5082.
(pdftex.def)             Requested size: 469.75386pt x 325.2142pt.
[116 <./Geospacial-Data_files/figure-latex/aqe-1.pdf>]
<"Geospacial-Data_files/figure-latex/""aqe-3".pdf, id=951, 469.755pt x 325.215p
t>
File: "Geospacial-Data_files/figure-latex/""aqe-3".pdf Graphic file (type pdf)
<use "Geospacial-Data_files/figure-latex/""aqe-3".pdf>
Package pdftex.def Info: "Geospacial-Data_files/figure-latex/""aqe-3".pdf  used
 on input line 5116.
(pdftex.def)             Requested size: 469.75386pt x 325.2142pt.
[117 <./Geospacial-Data_files/figure-latex/aqe-2.pdf>] [118 <./Geospacial-Data_
files/figure-latex/aqe-3.pdf>] [119]
<"Geospacial-Data_files/figure-latex/""risf-1".pdf, id=990, 469.755pt x 325.215
pt>
File: "Geospacial-Data_files/figure-latex/""risf-1".pdf Graphic file (type pdf)

<use "Geospacial-Data_files/figure-latex/""risf-1".pdf>
Package pdftex.def Info: "Geospacial-Data_files/figure-latex/""risf-1".pdf  use
d on input line 5266.
(pdftex.def)             Requested size: 469.75386pt x 325.2142pt.
[120] [121 <./Geospacial-Data_files/figure-latex/risf-1.pdf>]
<"Geospacial-Data_files/figure-latex/""riarf-1".pdf, id=1003, 469.755pt x 325.2
15pt>
File: "Geospacial-Data_files/figure-latex/""riarf-1".pdf Graphic file (type pdf
)
<use "Geospacial-Data_files/figure-latex/""riarf-1".pdf>
Package pdftex.def Info: "Geospacial-Data_files/figure-latex/""riarf-1".pdf  us
ed on input line 5367.
(pdftex.def)             Requested size: 469.75386pt x 325.2142pt.
[122] [123 <./Geospacial-Data_files/figure-latex/riarf-1.pdf>] [124] [125] [126
] [127]
<"Geospacial-Data_files/figure-latex/""gduap-1".pdf, id=1036, 469.755pt x 325.2
15pt>
File: "Geospacial-Data_files/figure-latex/""gduap-1".pdf Graphic file (type pdf
)
<use "Geospacial-Data_files/figure-latex/""gduap-1".pdf>
Package pdftex.def Info: "Geospacial-Data_files/figure-latex/""gduap-1".pdf  us
ed on input line 5642.
(pdftex.def)             Requested size: 469.75386pt x 325.2142pt.
[128 <./Geospacial-Data_files/figure-latex/gduap-1.pdf>]
Overfull \hbox (506.74214pt too wide) in paragraph at lines 5688--5688
[]\T1/lmtt/m/n/10 ## [1] "+proj=lcc +lat_1=40.66666666666666 +lat_2=41.03333333
333333 +lat_0=40.16666666666666 +lon_0=-74 +x_0=300000 +y_0=0 +datum=NAD83 +uni
ts=us-ft +no_defs +ellps=GRS80 +towgs84=0,0,0"[] 
 []

<"Geospacial-Data_files/figure-latex/""mdfdCRS-1".pdf, id=1044, 469.755pt x 325
.215pt>
File: "Geospacial-Data_files/figure-latex/""mdfdCRS-1".pdf Graphic file (type p
df)
<use "Geospacial-Data_files/figure-latex/""mdfdCRS-1".pdf>
Package pdftex.def Info: "Geospacial-Data_files/figure-latex/""mdfdCRS-1".pdf  
used on input line 5731.
(pdftex.def)             Requested size: 469.75386pt x 325.2142pt.
[129] [130 <./Geospacial-Data_files/figure-latex/mdfdCRS-1.pdf>]
<"Geospacial-Data_files/figure-latex/""cfoCRSta-1".pdf, id=1056, 469.755pt x 32
5.215pt>
File: "Geospacial-Data_files/figure-latex/""cfoCRSta-1".pdf Graphic file (type 
pdf)
<use "Geospacial-Data_files/figure-latex/""cfoCRSta-1".pdf>
Package pdftex.def Info: "Geospacial-Data_files/figure-latex/""cfoCRSta-1".pdf 
 used on input line 5792.
(pdftex.def)             Requested size: 469.75386pt x 325.2142pt.
[131 <./Geospacial-Data_files/figure-latex/cfoCRSta-1.pdf>]
Overfull \hbox (611.74184pt too wide) in paragraph at lines 5836--5836
[]\T1/lmtt/m/n/10 ##  $ name    : chr  "Census Tract 1, New York County, New Yo
rk" "Census Tract 2.01, New York County, New York" "Census Tract 2.02, New York
 County, New York" "Census Tract 5, New York County, New York" ...[] 
 []


Overfull \hbox (139.24321pt too wide) in paragraph at lines 5856--5856
[]\T1/lmtt/m/n/10 ##  $ AFFGEOID: chr  "1400000US36061000600" "1400000US3606100
1600" "1400000US36061003100" "1400000US36061004700" ...[] 
 []

<"Geospacial-Data_files/figure-latex/""tww-1".pdf, id=1064, 469.755pt x 325.215
pt>
File: "Geospacial-Data_files/figure-latex/""tww-1".pdf Graphic file (type pdf)
<use "Geospacial-Data_files/figure-latex/""tww-1".pdf>
Package pdftex.def Info: "Geospacial-Data_files/figure-latex/""tww-1".pdf  used
 on input line 5867.
(pdftex.def)             Requested size: 469.75386pt x 325.2142pt.
[132]
<"Geospacial-Data_files/figure-latex/""tww-2".pdf, id=1069, 469.755pt x 325.215
pt>
File: "Geospacial-Data_files/figure-latex/""tww-2".pdf Graphic file (type pdf)
<use "Geospacial-Data_files/figure-latex/""tww-2".pdf>
Package pdftex.def Info: "Geospacial-Data_files/figure-latex/""tww-2".pdf  used
 on input line 5881.
(pdftex.def)             Requested size: 469.75386pt x 325.2142pt.
[133 <./Geospacial-Data_files/figure-latex/tww-1.pdf>]
Overfull \hbox (275.49556pt too wide) in paragraph at lines 5902--5909
[]\T1/lmr/m/n/10 Instructions 100 XP Use any() with du-pli-cated() on nyc_incom
e$\OML/lmm/m/it/10 tracttocheckifeveryrowinnyc[]ncomehasauniquetractID:Useany\O
T1/lmr/m/n/10 ()\OML/lmm/m/it/10 withduplicated\OT1/lmr/m/n/10 ()\OML/lmm/m/it/
10 onnyc[]racts$\T1/lmr/m/n/10 TRACTCE
 []

[134 <./Geospacial-Data_files/figure-latex/tww-2.pdf>] [135]
<"Geospacial-Data_files/figure-latex/""mda-1".pdf, id=1089, 469.755pt x 325.215
pt>
File: "Geospacial-Data_files/figure-latex/""mda-1".pdf Graphic file (type pdf)
<use "Geospacial-Data_files/figure-latex/""mda-1".pdf>
Package pdftex.def Info: "Geospacial-Data_files/figure-latex/""mda-1".pdf  used
 on input line 6032.
(pdftex.def)             Requested size: 469.75386pt x 325.2142pt.
[136 <./Geospacial-Data_files/figure-latex/mda-1.pdf>]
<"Geospacial-Data_files/figure-latex/""afp-1".pdf, id=1100, 469.755pt x 325.215
pt>
File: "Geospacial-Data_files/figure-latex/""afp-1".pdf Graphic file (type pdf)
<use "Geospacial-Data_files/figure-latex/""afp-1".pdf>
Package pdftex.def Info: "Geospacial-Data_files/figure-latex/""afp-1".pdf  used
 on input line 6064.
(pdftex.def)             Requested size: 469.75386pt x 325.2142pt.
[137 <./Geospacial-Data_files/figure-latex/afp-1.pdf>]
<"Geospacial-Data_files/figure-latex/""stn-1".pdf, id=1111, 469.755pt x 325.215
pt>
File: "Geospacial-Data_files/figure-latex/""stn-1".pdf Graphic file (type pdf)
<use "Geospacial-Data_files/figure-latex/""stn-1".pdf>
Package pdftex.def Info: "Geospacial-Data_files/figure-latex/""stn-1".pdf  used
 on input line 6119.
(pdftex.def)             Requested size: 469.75386pt x 325.2142pt.
[138 <./Geospacial-Data_files/figure-latex/stn-1.pdf>]
! Undefined control sequence.
l.6138 ...ll the spaces (" ``) with newlines (''\n
                                                  ``) in 
Here is how much of TeX's memory you used:
 11453 strings out of 494111
 177282 string characters out of 6171832
 335233 words of memory out of 5000000
 15285 multiletter control sequences out of 15000+600000
 43175 words of font info for 43 fonts, out of 8000000 for 9000
 14 hyphenation exceptions out of 8191
 31i,6n,34p,352b,442s stack positions out of 5000i,500n,10000p,200000b,80000s

!  ==> Fatal error occurred, no output PDF file produced!
